<?xml version="1.0" encoding="UTF-8"?>
<!-- Generated by org.testng.reporters.JUnitXMLReporter -->
<testsuite ignored="0" hostname="DESKTOP-N7MD7B5" failures="1" tests="11" name="Chrometest" time="470.579" errors="0" timestamp="2021-07-11T01:00:07 IST">
  <testcase classname="org.textPackage.AmaTestClass" name="@BeforeTest BrowserLaunch" time="66.338">
    <failure type="org.openqa.selenium.TimeoutException" message="No connection could be made because the target machine actively refused it. (os error 10061)
Build info: version: &amp;apos;3.141.59&amp;apos;, revision: &amp;apos;e82be7d358&amp;apos;, time: &amp;apos;2018-11-14T08:17:03&amp;apos;
System info: host: &amp;apos;DESKTOP-N7MD7B5&amp;apos;, ip: &amp;apos;192.168.83.1&amp;apos;, os.name: &amp;apos;Windows 10&amp;apos;, os.arch: &amp;apos;amd64&amp;apos;, os.version: &amp;apos;10.0&amp;apos;, java.version: &amp;apos;15.0.2&amp;apos;
Driver info: driver.version: FirefoxDriver
remote stacktrace: ">
      <![CDATA[org.openqa.selenium.TimeoutException: No connection could be made because the target machine actively refused it. (os error 10061)
Build info: version: '3.141.59', revision: 'e82be7d358', time: '2018-11-14T08:17:03'
System info: host: 'DESKTOP-N7MD7B5', ip: '192.168.83.1', os.name: 'Windows 10', os.arch: 'amd64', os.version: '10.0', java.version: '15.0.2'
Driver info: driver.version: FirefoxDriver
remote stacktrace: 
at org.openqa.selenium.remote.W3CHandshakeResponse.lambda$errorHandler$0(W3CHandshakeResponse.java:62)
at org.openqa.selenium.remote.HandshakeResponse.lambda$getResponseFunction$0(HandshakeResponse.java:30)
at org.openqa.selenium.remote.ProtocolHandshake.lambda$createSession$0(ProtocolHandshake.java:126)
at java.base/java.util.stream.ReferencePipeline$3$1.accept(ReferencePipeline.java:195)
at java.base/java.util.Spliterators$ArraySpliterator.tryAdvance(Spliterators.java:958)
at java.base/java.util.stream.ReferencePipeline.forEachWithCancel(ReferencePipeline.java:127)
at java.base/java.util.stream.AbstractPipeline.copyIntoWithCancel(AbstractPipeline.java:502)
at java.base/java.util.stream.AbstractPipeline.copyInto(AbstractPipeline.java:488)
at java.base/java.util.stream.AbstractPipeline.wrapAndCopyInto(AbstractPipeline.java:474)
at java.base/java.util.stream.FindOps$FindOp.evaluateSequential(FindOps.java:150)
at java.base/java.util.stream.AbstractPipeline.evaluate(AbstractPipeline.java:234)
at java.base/java.util.stream.ReferencePipeline.findFirst(ReferencePipeline.java:543)
at org.openqa.selenium.remote.ProtocolHandshake.createSession(ProtocolHandshake.java:128)
at org.openqa.selenium.remote.ProtocolHandshake.createSession(ProtocolHandshake.java:74)
at org.openqa.selenium.remote.HttpCommandExecutor.execute(HttpCommandExecutor.java:136)
at org.openqa.selenium.remote.service.DriverCommandExecutor.execute(DriverCommandExecutor.java:83)
at org.openqa.selenium.remote.RemoteWebDriver.execute(RemoteWebDriver.java:552)
at org.openqa.selenium.remote.RemoteWebDriver.startSession(RemoteWebDriver.java:213)
at org.openqa.selenium.remote.RemoteWebDriver.<init>(RemoteWebDriver.java:131)
at org.openqa.selenium.firefox.FirefoxDriver.<init>(FirefoxDriver.java:147)
at org.openqa.selenium.firefox.FirefoxDriver.<init>(FirefoxDriver.java:125)
at org.textPackage.AmaTestClass.BrowserLaunch(AmaTestClass.java:36)
at java.base/java.util.concurrent.FutureTask.run(FutureTask.java:264)
at java.base/java.util.concurrent.ThreadPoolExecutor.runWorker(ThreadPoolExecutor.java:1130)
at java.base/java.util.concurrent.ThreadPoolExecutor$Worker.run(ThreadPoolExecutor.java:630)
at java.base/java.lang.Thread.run(Thread.java:832)
... Removed 20 stack frames]]>
    </failure>
  </testcase> <!-- @BeforeTest BrowserLaunch -->
  <testcase classname="org.textPackage.AmazAssertion" name="@BeforeTest BrowserLaunch" time="-1.625945003665E9">
    <skipped/>
  </testcase> <!-- @BeforeTest BrowserLaunch -->
  <testcase classname="org.textPackage.GrowwTestAssertion3" name="@BeforeTest BrowserLaunch" time="-1.62594500367E9">
    <skipped/>
  </testcase> <!-- @BeforeTest BrowserLaunch -->
  <testcase classname="org.textPackage.GrowwTestClass1" name="@BeforeTest BrowserLaunch" time="-1.625945003677E9">
    <skipped/>
  </testcase> <!-- @BeforeTest BrowserLaunch -->
  <testcase classname="org.textPackage.GrowwTestClass2" name="@BeforeTest BrowserLaunch" time="-1.625945003686E9">
    <skipped/>
  </testcase> <!-- @BeforeTest BrowserLaunch -->
  <testcase classname="org.textPackage.TestAutoAssertion" name="@BeforeTest BrowserLaunch" time="-1.625945003701E9">
    <skipped/>
  </testcase> <!-- @BeforeTest BrowserLaunch -->
  <testcase classname="org.textPackage.TestAutoTestClass1" name="@BeforeTest BrowserLaunch" time="-1.625945003705E9">
    <skipped/>
  </testcase> <!-- @BeforeTest BrowserLaunch -->
  <testcase classname="org.textPackage.TestSuit2_06_07_21" name="@BeforeTest BeforeTest" time="-1.625945003713E9">
    <skipped/>
  </testcase> <!-- @BeforeTest BeforeTest -->
  <testcase classname="org.textPackage.TestSuit_06_07_21" name="@BeforeTest BeforeTest" time="-1.625945003718E9">
    <skipped/>
  </testcase> <!-- @BeforeTest BeforeTest -->
  <testcase classname="org.textPackage.AmazAssertion" name="@BeforeClass OpenURL" time="-1.625945003723E9">
    <skipped/>
  </testcase> <!-- @BeforeClass OpenURL -->
  <testcase classname="org.textPackage.AmazAssertion" name="@AfterMethod gc" time="-1.625945003925E9">
    <skipped/>
  </testcase> <!-- @AfterMethod gc -->
  <testcase classname="org.textPackage.AmaTestClass" name="@BeforeClass OpenURL" time="-1.625945004064E9">
    <skipped/>
  </testcase> <!-- @BeforeClass OpenURL -->
  <testcase classname="org.textPackage.AmaTestClass" name="@BeforeMethod method" time="-1.625945004074E9">
    <skipped/>
  </testcase> <!-- @BeforeMethod method -->
  <testcase classname="org.textPackage.AmaTestClass" name="@AfterMethod meth2" time="-1.625945004105E9">
    <skipped/>
  </testcase> <!-- @AfterMethod meth2 -->
  <testcase classname="org.textPackage.AmaTestClass" name="@AfterClass gc" time="-1.625945004109E9">
    <skipped/>
  </testcase> <!-- @AfterClass gc -->
  <testcase classname="org.textPackage.TestSuit_06_07_21" name="@BeforeClass BeforeClass" time="-1.625945004118E9">
    <skipped/>
  </testcase> <!-- @BeforeClass BeforeClass -->
  <testcase classname="org.textPackage.TestSuit_06_07_21" name="@BeforeMethod BeforeMethod" time="-1.625945004128E9">
    <skipped/>
  </testcase> <!-- @BeforeMethod BeforeMethod -->
  <testcase classname="org.textPackage.TestSuit_06_07_21" name="@AfterMethod AfterMethod" time="-1.625945004145E9">
    <skipped/>
  </testcase> <!-- @AfterMethod AfterMethod -->
  <testcase classname="org.textPackage.TestSuit_06_07_21" name="@AfterClass AfterClass" time="-1.62594500415E9">
    <skipped/>
  </testcase> <!-- @AfterClass AfterClass -->
  <testcase classname="org.textPackage.TestSuit2_06_07_21" name="@BeforeClass BeforeClass" time="-1.625945004154E9">
    <skipped/>
  </testcase> <!-- @BeforeClass BeforeClass -->
  <testcase classname="org.textPackage.TestSuit2_06_07_21" name="@BeforeMethod BeforeMethod" time="-1.625945004161E9">
    <skipped/>
  </testcase> <!-- @BeforeMethod BeforeMethod -->
  <testcase classname="org.textPackage.TestSuit2_06_07_21" name="@AfterMethod AfterMethod" time="-1.625945004179E9">
    <skipped/>
  </testcase> <!-- @AfterMethod AfterMethod -->
  <testcase classname="org.textPackage.TestSuit2_06_07_21" name="@AfterClass AfterClass" time="-1.625945004189E9">
    <skipped/>
  </testcase> <!-- @AfterClass AfterClass -->
  <testcase classname="org.textPackage.GrowwTestClass1" name="@BeforeClass Login" time="-1.625945004193E9">
    <skipped/>
  </testcase> <!-- @BeforeClass Login -->
  <testcase classname="org.textPackage.GrowwTestClass1" name="@BeforeMethod login" time="-1.625945004204E9">
    <skipped/>
  </testcase> <!-- @BeforeMethod login -->
  <testcase classname="org.textPackage.GrowwTestClass1" name="@AfterMethod Logout" time="-1.625945004215E9">
    <skipped/>
  </testcase> <!-- @AfterMethod Logout -->
  <testcase classname="org.textPackage.GrowwTestClass1" name="@AfterClass gc" time="-1.625945004218E9">
    <skipped/>
  </testcase> <!-- @AfterClass gc -->
  <testcase classname="org.textPackage.GrowwTestClass2" name="@BeforeClass OpenURL" time="-1.625945004235E9">
    <skipped/>
  </testcase> <!-- @BeforeClass OpenURL -->
  <testcase classname="org.textPackage.GrowwTestClass2" name="@BeforeMethod Login" time="-1.625945004238E9">
    <skipped/>
  </testcase> <!-- @BeforeMethod Login -->
  <testcase classname="org.textPackage.GrowwTestClass2" name="@AfterMethod Logout" time="-1.625945004253E9">
    <skipped/>
  </testcase> <!-- @AfterMethod Logout -->
  <testcase classname="org.textPackage.GrowwTestClass2" name="@AfterClass gc" time="-1.625945004281E9">
    <skipped/>
  </testcase> <!-- @AfterClass gc -->
  <testcase classname="org.textPackage.GrowwAssertion2" name="@BeforeClass BrowserLaunch" time="-1.625945004287E9">
    <skipped/>
  </testcase> <!-- @BeforeClass BrowserLaunch -->
  <testcase classname="org.textPackage.GrowwAssertion2" name="@BeforeMethod Login" time="-1.625945004294E9">
    <skipped/>
  </testcase> <!-- @BeforeMethod Login -->
  <testcase classname="org.textPackage.GrowwAssertion2" name="@AfterMethod Logout" time="-1.625945004307E9">
    <skipped/>
  </testcase> <!-- @AfterMethod Logout -->
  <testcase classname="org.textPackage.GrowwAssertion2" name="@AfterClass closeBrowser" time="-1.62594500431E9">
    <skipped/>
  </testcase> <!-- @AfterClass closeBrowser -->
  <testcase classname="org.textPackage.GrowwTestAssertion1" name="@BeforeClass BrowserLaunch" time="-1.625945004313E9">
    <skipped/>
  </testcase> <!-- @BeforeClass BrowserLaunch -->
  <testcase classname="org.textPackage.GrowwTestAssertion1" name="@BeforeMethod Login" time="-1.625945004317E9">
    <skipped/>
  </testcase> <!-- @BeforeMethod Login -->
  <testcase classname="org.textPackage.GrowwTestAssertion1" name="@AfterMethod Logout" time="-1.625945004333E9">
    <skipped/>
  </testcase> <!-- @AfterMethod Logout -->
  <testcase classname="org.textPackage.GrowwTestAssertion1" name="@AfterClass closeBrowser" time="-1.625945004335E9">
    <skipped/>
  </testcase> <!-- @AfterClass closeBrowser -->
  <testcase classname="org.textPackage.GrowwTestAssertion3" name="@BeforeClass OpenURl" time="-1.625945004349E9">
    <skipped/>
  </testcase> <!-- @BeforeClass OpenURl -->
  <testcase classname="org.textPackage.GrowwTestAssertion3" name="@BeforeMethod Login" time="-1.625945004353E9">
    <skipped/>
  </testcase> <!-- @BeforeMethod Login -->
  <testcase classname="org.textPackage.GrowwTestAssertion3" name="@AfterMethod Logout" time="-1.625945004362E9">
    <skipped/>
  </testcase> <!-- @AfterMethod Logout -->
  <testcase classname="org.textPackage.GrowwTestAssertion3" name="@AfterClass gc" time="-1.625945004365E9">
    <skipped/>
  </testcase> <!-- @AfterClass gc -->
  <testcase classname="org.textPackage.TestAutoAssertion" name="@BeforeMethod Login" time="-1.625945004373E9">
    <skipped/>
  </testcase> <!-- @BeforeMethod Login -->
  <testcase classname="org.textPackage.TestAutoAssertion" name="@AfterMethod Gc" time="-1.625945004386E9">
    <skipped/>
  </testcase> <!-- @AfterMethod Gc -->
  <testcase classname="org.textPackage.TestAutoTestClass1" name="@BeforeClass browserLaunch" time="-1.625945004391E9">
    <skipped/>
  </testcase> <!-- @BeforeClass browserLaunch -->
  <testcase classname="org.textPackage.TestAutoTestClass1" name="@BeforeMethod Frame1" time="-1.625945004398E9">
    <skipped/>
  </testcase> <!-- @BeforeMethod Frame1 -->
  <testcase classname="org.textPackage.TestAutoTestClass1" name="@AfterMethod Frame3" time="-1.625945004414E9">
    <skipped/>
  </testcase> <!-- @AfterMethod Frame3 -->
  <testcase classname="org.textPackage.TestAutoTestClass1" name="@AfterClass gc" time="-1.62594500442E9">
    <skipped/>
  </testcase> <!-- @AfterClass gc -->
  <testcase classname="org.textPackage.AmaTestClass" name="@AfterTest closeBrowser" time="-1.62594500445E9">
    <skipped/>
  </testcase> <!-- @AfterTest closeBrowser -->
  <testcase classname="org.textPackage.AmazAssertion" name="@AfterTest CloseBrowser" time="-1.625945004454E9">
    <skipped/>
  </testcase> <!-- @AfterTest CloseBrowser -->
  <testcase classname="org.textPackage.GrowwTestAssertion3" name="@AfterTest closeBrowser" time="-1.625945004464E9">
    <skipped/>
  </testcase> <!-- @AfterTest closeBrowser -->
  <testcase classname="org.textPackage.GrowwTestClass1" name="@AfterTest CloseBrowser" time="-1.625945004497E9">
    <skipped/>
  </testcase> <!-- @AfterTest CloseBrowser -->
  <testcase classname="org.textPackage.GrowwTestClass2" name="@AfterTest CloseBrowser" time="-1.625945004506E9">
    <skipped/>
  </testcase> <!-- @AfterTest CloseBrowser -->
  <testcase classname="org.textPackage.TestAutoAssertion" name="@AfterTest closeBrowser" time="-1.625945004515E9">
    <skipped/>
  </testcase> <!-- @AfterTest closeBrowser -->
  <testcase classname="org.textPackage.TestAutoTestClass1" name="@AfterTest closeBrowser" time="-1.625945004518E9">
    <skipped/>
  </testcase> <!-- @AfterTest closeBrowser -->
  <testcase classname="org.textPackage.TestSuit2_06_07_21" name="@AfterTest AfterTest" time="-1.62594500452E9">
    <skipped/>
  </testcase> <!-- @AfterTest AfterTest -->
  <testcase classname="org.textPackage.TestSuit_06_07_21" name="@AfterTest AfterTest" time="-1.625945004524E9">
    <skipped/>
  </testcase> <!-- @AfterTest AfterTest -->
  <testcase classname="org.textPackage.AmaTestClass" name="@AfterMethod meth2" time="20.166">
    <failure type="org.openqa.selenium.NoSuchElementException" message="no such element: Unable to locate element: {&amp;quot;method&amp;quot;:&amp;quot;xpath&amp;quot;,&amp;quot;selector&amp;quot;:&amp;quot;//input[@id=&amp;quot;ap_password&amp;quot;]&amp;quot;}
  (Session info: chrome=91.0.4472.124)
For documentation on this error, please visit: https://www.seleniumhq.org/exceptions/no_such_element.html
Build info: version: &amp;apos;3.141.59&amp;apos;, revision: &amp;apos;e82be7d358&amp;apos;, time: &amp;apos;2018-11-14T08:17:03&amp;apos;
System info: host: &amp;apos;DESKTOP-N7MD7B5&amp;apos;, ip: &amp;apos;192.168.83.1&amp;apos;, os.name: &amp;apos;Windows 10&amp;apos;, os.arch: &amp;apos;amd64&amp;apos;, os.version: &amp;apos;10.0&amp;apos;, java.version: &amp;apos;15.0.2&amp;apos;
Driver info: org.openqa.selenium.chrome.ChromeDriver
Capabilities {acceptInsecureCerts: false, browserName: chrome, browserVersion: 91.0.4472.124, chrome: {chromedriverVersion: 90.0.4430.24 (4c6d850f087da..., userDataDir: C:\Users\ADMINI~1.DES\AppDa...}, goog:chromeOptions: {debuggerAddress: localhost:52807}, javascriptEnabled: true, networkConnectionEnabled: false, pageLoadStrategy: normal, platform: WINDOWS, platformName: WINDOWS, proxy: Proxy(), setWindowRect: true, strictFileInteractability: false, timeouts: {implicit: 0, pageLoad: 300000, script: 30000}, unhandledPromptBehavior: dismiss and notify, webauthn:extension:largeBlob: true, webauthn:virtualAuthenticators: true}
Session ID: 2b0a53cb60497859ba9267d7fc0824ef
*** Element info: {Using=xpath, value=//input[@id=&amp;quot;ap_password&amp;quot;]}">
      <![CDATA[org.openqa.selenium.NoSuchElementException: no such element: Unable to locate element: {"method":"xpath","selector":"//input[@id="ap_password"]"}
  (Session info: chrome=91.0.4472.124)
For documentation on this error, please visit: https://www.seleniumhq.org/exceptions/no_such_element.html
Build info: version: '3.141.59', revision: 'e82be7d358', time: '2018-11-14T08:17:03'
System info: host: 'DESKTOP-N7MD7B5', ip: '192.168.83.1', os.name: 'Windows 10', os.arch: 'amd64', os.version: '10.0', java.version: '15.0.2'
Driver info: org.openqa.selenium.chrome.ChromeDriver
Capabilities {acceptInsecureCerts: false, browserName: chrome, browserVersion: 91.0.4472.124, chrome: {chromedriverVersion: 90.0.4430.24 (4c6d850f087da..., userDataDir: C:\Users\ADMINI~1.DES\AppDa...}, goog:chromeOptions: {debuggerAddress: localhost:52807}, javascriptEnabled: true, networkConnectionEnabled: false, pageLoadStrategy: normal, platform: WINDOWS, platformName: WINDOWS, proxy: Proxy(), setWindowRect: true, strictFileInteractability: false, timeouts: {implicit: 0, pageLoad: 300000, script: 30000}, unhandledPromptBehavior: dismiss and notify, webauthn:extension:largeBlob: true, webauthn:virtualAuthenticators: true}
Session ID: 2b0a53cb60497859ba9267d7fc0824ef
*** Element info: {Using=xpath, value=//input[@id="ap_password"]}
at org.openqa.selenium.remote.http.W3CHttpResponseCodec.createException(W3CHttpResponseCodec.java:187)
at org.openqa.selenium.remote.http.W3CHttpResponseCodec.decode(W3CHttpResponseCodec.java:122)
at org.openqa.selenium.remote.http.W3CHttpResponseCodec.decode(W3CHttpResponseCodec.java:49)
at org.openqa.selenium.remote.HttpCommandExecutor.execute(HttpCommandExecutor.java:158)
at org.openqa.selenium.remote.service.DriverCommandExecutor.execute(DriverCommandExecutor.java:83)
at org.openqa.selenium.remote.RemoteWebDriver.execute(RemoteWebDriver.java:552)
at org.openqa.selenium.remote.RemoteWebDriver.findElement(RemoteWebDriver.java:323)
at org.openqa.selenium.remote.RemoteWebDriver.findElementByXPath(RemoteWebDriver.java:428)
at org.openqa.selenium.By$ByXPath.findElement(By.java:353)
at org.openqa.selenium.remote.RemoteWebDriver.findElement(RemoteWebDriver.java:315)
at org.openqa.selenium.support.pagefactory.DefaultElementLocator.findElement(DefaultElementLocator.java:69)
at org.openqa.selenium.support.pagefactory.internal.LocatingElementHandler.invoke(LocatingElementHandler.java:38)
at com.sun.proxy.$Proxy19.sendKeys(Unknown Source)
at org.pomPackage.AmazonPOM.Password(AmazonPOM.java:95)
at org.textPackage.AmaTestClass.meth2(AmaTestClass.java:74)
at java.base/java.util.ArrayList.forEach(ArrayList.java:1511)
at java.base/java.util.concurrent.FutureTask.run(FutureTask.java:264)
at java.base/java.util.concurrent.ThreadPoolExecutor.runWorker(ThreadPoolExecutor.java:1130)
at java.base/java.util.concurrent.ThreadPoolExecutor$Worker.run(ThreadPoolExecutor.java:630)
at java.base/java.lang.Thread.run(Thread.java:832)
... Removed 28 stack frames]]>
    </failure>
  </testcase> <!-- @AfterMethod meth2 -->
  <testcase classname="org.textPackage.AmaTestClass" name="@AfterClass gc" time="-1.625945134059E9">
    <skipped/>
  </testcase> <!-- @AfterClass gc -->
  <testcase classname="org.textPackage.AmaTestClass" name="@AfterTest closeBrowser" time="-1.625945407532E9">
    <skipped/>
  </testcase> <!-- @AfterTest closeBrowser -->
  <testcase classname="org.textPackage.AmazAssertion" name="@AfterTest CloseBrowser" time="-1.625945407533E9">
    <skipped/>
  </testcase> <!-- @AfterTest CloseBrowser -->
  <testcase classname="org.textPackage.GrowwTestAssertion3" name="@AfterTest closeBrowser" time="-1.625945407535E9">
    <skipped/>
  </testcase> <!-- @AfterTest closeBrowser -->
  <testcase classname="org.textPackage.GrowwTestClass1" name="@AfterTest CloseBrowser" time="-1.625945407538E9">
    <skipped/>
  </testcase> <!-- @AfterTest CloseBrowser -->
  <testcase classname="org.textPackage.GrowwTestClass2" name="@AfterTest CloseBrowser" time="-1.625945407541E9">
    <skipped/>
  </testcase> <!-- @AfterTest CloseBrowser -->
  <testcase classname="org.textPackage.TestAutoAssertion" name="@AfterTest closeBrowser" time="-1.625945407542E9">
    <skipped/>
  </testcase> <!-- @AfterTest closeBrowser -->
  <testcase classname="org.textPackage.TestAutoTestClass1" name="@AfterTest closeBrowser" time="-1.625945407543E9">
    <skipped/>
  </testcase> <!-- @AfterTest closeBrowser -->
  <testcase classname="org.textPackage.TestSuit2_06_07_21" name="@AfterTest AfterTest" time="-1.625945407544E9">
    <skipped/>
  </testcase> <!-- @AfterTest AfterTest -->
  <testcase classname="org.textPackage.TestSuit_06_07_21" name="@AfterTest AfterTest" time="-1.625945407545E9">
    <skipped/>
  </testcase> <!-- @AfterTest AfterTest -->
  <testcase classname="org.textPackage.AmazAssertion" name="Purchase" time="11.127"/>
  <testcase classname="org.textPackage.AmaTestClass" name="Purchase" time="30.197">
    <failure type="org.openqa.selenium.json.JsonException" message="java.lang.reflect.InvocationTargetException
Build info: version: &amp;apos;3.141.59&amp;apos;, revision: &amp;apos;e82be7d358&amp;apos;, time: &amp;apos;2018-11-14T08:17:03&amp;apos;
System info: host: &amp;apos;DESKTOP-N7MD7B5&amp;apos;, ip: &amp;apos;192.168.83.1&amp;apos;, os.name: &amp;apos;Windows 10&amp;apos;, os.arch: &amp;apos;amd64&amp;apos;, os.version: &amp;apos;10.0&amp;apos;, java.version: &amp;apos;15.0.2&amp;apos;
Driver info: driver.version: RemoteWebDriver">
      <![CDATA[org.openqa.selenium.json.JsonException: java.lang.reflect.InvocationTargetException
Build info: version: '3.141.59', revision: 'e82be7d358', time: '2018-11-14T08:17:03'
System info: host: 'DESKTOP-N7MD7B5', ip: '192.168.83.1', os.name: 'Windows 10', os.arch: 'amd64', os.version: '10.0', java.version: '15.0.2'
Driver info: driver.version: RemoteWebDriver
at org.openqa.selenium.json.JsonOutput.convertUsingMethod(JsonOutput.java:332)
at org.openqa.selenium.json.JsonOutput.lambda$new$16(JsonOutput.java:155)
at org.openqa.selenium.json.JsonOutput.write(JsonOutput.java:264)
at org.openqa.selenium.json.JsonOutput.lambda$null$21(JsonOutput.java:168)
at java.base/java.util.LinkedHashMap$LinkedValues.forEach(LinkedHashMap.java:647)
at org.openqa.selenium.json.JsonOutput.lambda$new$22(JsonOutput.java:168)
at org.openqa.selenium.json.JsonOutput.write(JsonOutput.java:264)
at org.openqa.selenium.json.JsonOutput.lambda$null$23(JsonOutput.java:177)
at com.google.common.collect.SingletonImmutableBiMap.forEach(SingletonImmutableBiMap.java:65)
at org.openqa.selenium.json.JsonOutput.lambda$new$24(JsonOutput.java:176)
at org.openqa.selenium.json.JsonOutput.write(JsonOutput.java:264)
at org.openqa.selenium.json.JsonOutput.write(JsonOutput.java:255)
at org.openqa.selenium.json.Json.toJson(Json.java:42)
at org.openqa.selenium.remote.http.AbstractHttpCommandCodec.encode(AbstractHttpCommandCodec.java:227)
at org.openqa.selenium.remote.http.AbstractHttpCommandCodec.encode(AbstractHttpCommandCodec.java:117)
at org.openqa.selenium.remote.HttpCommandExecutor.execute(HttpCommandExecutor.java:152)
at org.openqa.selenium.remote.service.DriverCommandExecutor.execute(DriverCommandExecutor.java:83)
at org.openqa.selenium.remote.RemoteWebDriver.execute(RemoteWebDriver.java:552)
at org.openqa.selenium.remote.RemoteWebDriver.perform(RemoteWebDriver.java:618)
at org.openqa.selenium.interactions.Actions$BuiltAction.perform(Actions.java:639)
at org.pomPackage.AmazonPOM.ScanDiskPendrive(AmazonPOM.java:73)
at org.textPackage.AmaTestClass.Purchase(AmaTestClass.java:63)
at java.base/java.util.ArrayList.forEach(ArrayList.java:1511)
at java.base/java.util.concurrent.FutureTask.run(FutureTask.java:264)
at java.base/java.util.concurrent.ThreadPoolExecutor.runWorker(ThreadPoolExecutor.java:1130)
at java.base/java.util.concurrent.ThreadPoolExecutor$Worker.run(ThreadPoolExecutor.java:630)
at java.base/java.lang.Thread.run(Thread.java:832)
Suppressed: org.openqa.selenium.json.JsonException: Attempting to close incomplete json stream
Build info: version: '3.141.59', revision: 'e82be7d358', time: '2018-11-14T08:17:03'
System info: host: 'DESKTOP-N7MD7B5', ip: '192.168.83.1', os.name: 'Windows 10', os.arch: 'amd64', os.version: '10.0', java.version: '15.0.2'
Driver info: driver.version: RemoteWebDriver
at org.openqa.selenium.json.JsonOutput.close(JsonOutput.java:279)
at org.openqa.selenium.json.Json.toJson(Json.java:44)
... 32 more
at org.openqa.selenium.json.JsonOutput.convertUsingMethod(JsonOutput.java:328)
... 44 more
Caused by: org.openqa.selenium.NoSuchElementException: no such element: Unable to locate element: {"method":"xpath","selector":"(//span[contains(text(),'SanDisk Ultra Flair 64GB USB 3.0 Pen Driv')])[1]"}
  (Session info: chrome=91.0.4472.124)
For documentation on this error, please visit: https://www.seleniumhq.org/exceptions/no_such_element.html
Build info: version: '3.141.59', revision: 'e82be7d358', time: '2018-11-14T08:17:03'
System info: host: 'DESKTOP-N7MD7B5', ip: '192.168.83.1', os.name: 'Windows 10', os.arch: 'amd64', os.version: '10.0', java.version: '15.0.2'
Driver info: org.openqa.selenium.chrome.ChromeDriver
Capabilities {acceptInsecureCerts: false, browserName: chrome, browserVersion: 91.0.4472.124, chrome: {chromedriverVersion: 90.0.4430.24 (4c6d850f087da..., userDataDir: C:\Users\ADMINI~1.DES\AppDa...}, goog:chromeOptions: {debuggerAddress: localhost:52807}, javascriptEnabled: true, networkConnectionEnabled: false, pageLoadStrategy: normal, platform: WINDOWS, platformName: WINDOWS, proxy: Proxy(), setWindowRect: true, strictFileInteractability: false, timeouts: {implicit: 0, pageLoad: 300000, script: 30000}, unhandledPromptBehavior: dismiss and notify, webauthn:extension:largeBlob: true, webauthn:virtualAuthenticators: true}
Session ID: 2b0a53cb60497859ba9267d7fc0824ef
*** Element info: {Using=xpath, value=(//span[contains(text(),'SanDisk Ultra Flair 64GB USB 3.0 Pen Driv')])[1]}
at org.openqa.selenium.remote.http.W3CHttpResponseCodec.createException(W3CHttpResponseCodec.java:187)
at org.openqa.selenium.remote.http.W3CHttpResponseCodec.decode(W3CHttpResponseCodec.java:122)
at org.openqa.selenium.remote.http.W3CHttpResponseCodec.decode(W3CHttpResponseCodec.java:49)
at org.openqa.selenium.remote.HttpCommandExecutor.execute(HttpCommandExecutor.java:158)
at org.openqa.selenium.remote.service.DriverCommandExecutor.execute(DriverCommandExecutor.java:83)
at org.openqa.selenium.remote.RemoteWebDriver.execute(RemoteWebDriver.java:552)
at org.openqa.selenium.remote.RemoteWebDriver.findElement(RemoteWebDriver.java:323)
at org.openqa.selenium.remote.RemoteWebDriver.findElementByXPath(RemoteWebDriver.java:428)
at org.openqa.selenium.By$ByXPath.findElement(By.java:353)
at org.openqa.selenium.remote.RemoteWebDriver.findElement(RemoteWebDriver.java:315)
at org.openqa.selenium.support.pagefactory.DefaultElementLocator.findElement(DefaultElementLocator.java:69)
at org.openqa.selenium.support.pagefactory.internal.LocatingElementHandler.invoke(LocatingElementHandler.java:38)
at com.sun.proxy.$Proxy19.getWrappedElement(Unknown Source)
at org.openqa.selenium.interactions.PointerInput$Origin.asArg(PointerInput.java:204)
at org.openqa.selenium.interactions.PointerInput$Move.encode(PointerInput.java:155)
at org.openqa.selenium.interactions.Sequence.encode(Sequence.java:75)
at org.openqa.selenium.interactions.Sequence.toJson(Sequence.java:84)
... 49 more
... Removed 28 stack frames]]>
    </failure>
  </testcase> <!-- Purchase -->
  <testcase classname="org.textPackage.TestSuit_06_07_21" name="Test" time="0.001"/>
  <testcase classname="org.textPackage.TestSuit2_06_07_21" name="Test" time="0.001"/>
  <testcase classname="org.textPackage.GrowwTestClass1" name="Test1" time="9.193"/>
  <testcase classname="org.textPackage.GrowwTestClass2" name="Test1" time="41.1"/>
  <testcase classname="org.textPackage.GrowwAssertion2" name="ValidationOfBUYStock" time="35.398"/>
  <testcase classname="org.textPackage.GrowwTestAssertion1" name="ValidationOfLoginPage" time="23.446"/>
  <testcase classname="org.textPackage.GrowwTestAssertion3" name="ValidationOfSellButton" time="7.95"/>
  <testcase classname="org.textPackage.TestAutoAssertion" name="ValidationOfusernameTextbox" time="0.223"/>
  <testcase classname="org.textPackage.TestAutoTestClass1" name="Frame2" time="1.536"/>
</testsuite> <!-- Chrometest -->
