<?xml version="1.0" encoding="UTF-8"?>
<!-- Generated by org.testng.reporters.JUnitXMLReporter -->
<testsuite ignored="0" hostname="DESKTOP-N7MD7B5" failures="0" tests="11" name="Firefoxtest" time="67.565" errors="0" timestamp="2021-07-11T00:53:25 IST">
  <testcase classname="org.textPackage.AmaTestClass" name="@BeforeTest BrowserLaunch" time="66.338">
    <failure type="org.openqa.selenium.TimeoutException" message="No connection could be made because the target machine actively refused it. (os error 10061)
Build info: version: &amp;apos;3.141.59&amp;apos;, revision: &amp;apos;e82be7d358&amp;apos;, time: &amp;apos;2018-11-14T08:17:03&amp;apos;
System info: host: &amp;apos;DESKTOP-N7MD7B5&amp;apos;, ip: &amp;apos;192.168.83.1&amp;apos;, os.name: &amp;apos;Windows 10&amp;apos;, os.arch: &amp;apos;amd64&amp;apos;, os.version: &amp;apos;10.0&amp;apos;, java.version: &amp;apos;15.0.2&amp;apos;
Driver info: driver.version: FirefoxDriver
remote stacktrace: ">
      <![CDATA[org.openqa.selenium.TimeoutException: No connection could be made because the target machine actively refused it. (os error 10061)
Build info: version: '3.141.59', revision: 'e82be7d358', time: '2018-11-14T08:17:03'
System info: host: 'DESKTOP-N7MD7B5', ip: '192.168.83.1', os.name: 'Windows 10', os.arch: 'amd64', os.version: '10.0', java.version: '15.0.2'
Driver info: driver.version: FirefoxDriver
remote stacktrace: 
at org.openqa.selenium.remote.W3CHandshakeResponse.lambda$errorHandler$0(W3CHandshakeResponse.java:62)
at org.openqa.selenium.remote.HandshakeResponse.lambda$getResponseFunction$0(HandshakeResponse.java:30)
at org.openqa.selenium.remote.ProtocolHandshake.lambda$createSession$0(ProtocolHandshake.java:126)
at java.base/java.util.stream.ReferencePipeline$3$1.accept(ReferencePipeline.java:195)
at java.base/java.util.Spliterators$ArraySpliterator.tryAdvance(Spliterators.java:958)
at java.base/java.util.stream.ReferencePipeline.forEachWithCancel(ReferencePipeline.java:127)
at java.base/java.util.stream.AbstractPipeline.copyIntoWithCancel(AbstractPipeline.java:502)
at java.base/java.util.stream.AbstractPipeline.copyInto(AbstractPipeline.java:488)
at java.base/java.util.stream.AbstractPipeline.wrapAndCopyInto(AbstractPipeline.java:474)
at java.base/java.util.stream.FindOps$FindOp.evaluateSequential(FindOps.java:150)
at java.base/java.util.stream.AbstractPipeline.evaluate(AbstractPipeline.java:234)
at java.base/java.util.stream.ReferencePipeline.findFirst(ReferencePipeline.java:543)
at org.openqa.selenium.remote.ProtocolHandshake.createSession(ProtocolHandshake.java:128)
at org.openqa.selenium.remote.ProtocolHandshake.createSession(ProtocolHandshake.java:74)
at org.openqa.selenium.remote.HttpCommandExecutor.execute(HttpCommandExecutor.java:136)
at org.openqa.selenium.remote.service.DriverCommandExecutor.execute(DriverCommandExecutor.java:83)
at org.openqa.selenium.remote.RemoteWebDriver.execute(RemoteWebDriver.java:552)
at org.openqa.selenium.remote.RemoteWebDriver.startSession(RemoteWebDriver.java:213)
at org.openqa.selenium.remote.RemoteWebDriver.<init>(RemoteWebDriver.java:131)
at org.openqa.selenium.firefox.FirefoxDriver.<init>(FirefoxDriver.java:147)
at org.openqa.selenium.firefox.FirefoxDriver.<init>(FirefoxDriver.java:125)
at org.textPackage.AmaTestClass.BrowserLaunch(AmaTestClass.java:36)
at java.base/java.util.concurrent.FutureTask.run(FutureTask.java:264)
at java.base/java.util.concurrent.ThreadPoolExecutor.runWorker(ThreadPoolExecutor.java:1130)
at java.base/java.util.concurrent.ThreadPoolExecutor$Worker.run(ThreadPoolExecutor.java:630)
at java.base/java.lang.Thread.run(Thread.java:832)
... Removed 20 stack frames]]>
    </failure>
  </testcase> <!-- @BeforeTest BrowserLaunch -->
  <testcase classname="org.textPackage.AmazAssertion" name="@BeforeTest BrowserLaunch" time="-1.625945003665E9">
    <skipped/>
  </testcase> <!-- @BeforeTest BrowserLaunch -->
  <testcase classname="org.textPackage.GrowwTestAssertion3" name="@BeforeTest BrowserLaunch" time="-1.62594500367E9">
    <skipped/>
  </testcase> <!-- @BeforeTest BrowserLaunch -->
  <testcase classname="org.textPackage.GrowwTestClass1" name="@BeforeTest BrowserLaunch" time="-1.625945003677E9">
    <skipped/>
  </testcase> <!-- @BeforeTest BrowserLaunch -->
  <testcase classname="org.textPackage.GrowwTestClass2" name="@BeforeTest BrowserLaunch" time="-1.625945003686E9">
    <skipped/>
  </testcase> <!-- @BeforeTest BrowserLaunch -->
  <testcase classname="org.textPackage.TestAutoAssertion" name="@BeforeTest BrowserLaunch" time="-1.625945003701E9">
    <skipped/>
  </testcase> <!-- @BeforeTest BrowserLaunch -->
  <testcase classname="org.textPackage.TestAutoTestClass1" name="@BeforeTest BrowserLaunch" time="-1.625945003705E9">
    <skipped/>
  </testcase> <!-- @BeforeTest BrowserLaunch -->
  <testcase classname="org.textPackage.TestSuit2_06_07_21" name="@BeforeTest BeforeTest" time="-1.625945003713E9">
    <skipped/>
  </testcase> <!-- @BeforeTest BeforeTest -->
  <testcase classname="org.textPackage.TestSuit_06_07_21" name="@BeforeTest BeforeTest" time="-1.625945003718E9">
    <skipped/>
  </testcase> <!-- @BeforeTest BeforeTest -->
  <testcase classname="org.textPackage.AmazAssertion" name="@BeforeClass OpenURL" time="-1.625945003723E9">
    <skipped/>
  </testcase> <!-- @BeforeClass OpenURL -->
  <testcase classname="org.textPackage.AmazAssertion" name="@AfterMethod gc" time="-1.625945003925E9">
    <skipped/>
  </testcase> <!-- @AfterMethod gc -->
  <testcase classname="org.textPackage.AmaTestClass" name="@BeforeClass OpenURL" time="-1.625945004064E9">
    <skipped/>
  </testcase> <!-- @BeforeClass OpenURL -->
  <testcase classname="org.textPackage.AmaTestClass" name="@BeforeMethod method" time="-1.625945004074E9">
    <skipped/>
  </testcase> <!-- @BeforeMethod method -->
  <testcase classname="org.textPackage.AmaTestClass" name="@AfterMethod meth2" time="-1.625945004105E9">
    <skipped/>
  </testcase> <!-- @AfterMethod meth2 -->
  <testcase classname="org.textPackage.AmaTestClass" name="@AfterClass gc" time="-1.625945004109E9">
    <skipped/>
  </testcase> <!-- @AfterClass gc -->
  <testcase classname="org.textPackage.TestSuit_06_07_21" name="@BeforeClass BeforeClass" time="-1.625945004118E9">
    <skipped/>
  </testcase> <!-- @BeforeClass BeforeClass -->
  <testcase classname="org.textPackage.TestSuit_06_07_21" name="@BeforeMethod BeforeMethod" time="-1.625945004128E9">
    <skipped/>
  </testcase> <!-- @BeforeMethod BeforeMethod -->
  <testcase classname="org.textPackage.TestSuit_06_07_21" name="@AfterMethod AfterMethod" time="-1.625945004145E9">
    <skipped/>
  </testcase> <!-- @AfterMethod AfterMethod -->
  <testcase classname="org.textPackage.TestSuit_06_07_21" name="@AfterClass AfterClass" time="-1.62594500415E9">
    <skipped/>
  </testcase> <!-- @AfterClass AfterClass -->
  <testcase classname="org.textPackage.TestSuit2_06_07_21" name="@BeforeClass BeforeClass" time="-1.625945004154E9">
    <skipped/>
  </testcase> <!-- @BeforeClass BeforeClass -->
  <testcase classname="org.textPackage.TestSuit2_06_07_21" name="@BeforeMethod BeforeMethod" time="-1.625945004161E9">
    <skipped/>
  </testcase> <!-- @BeforeMethod BeforeMethod -->
  <testcase classname="org.textPackage.TestSuit2_06_07_21" name="@AfterMethod AfterMethod" time="-1.625945004179E9">
    <skipped/>
  </testcase> <!-- @AfterMethod AfterMethod -->
  <testcase classname="org.textPackage.TestSuit2_06_07_21" name="@AfterClass AfterClass" time="-1.625945004189E9">
    <skipped/>
  </testcase> <!-- @AfterClass AfterClass -->
  <testcase classname="org.textPackage.GrowwTestClass1" name="@BeforeClass Login" time="-1.625945004193E9">
    <skipped/>
  </testcase> <!-- @BeforeClass Login -->
  <testcase classname="org.textPackage.GrowwTestClass1" name="@BeforeMethod login" time="-1.625945004204E9">
    <skipped/>
  </testcase> <!-- @BeforeMethod login -->
  <testcase classname="org.textPackage.GrowwTestClass1" name="@AfterMethod Logout" time="-1.625945004215E9">
    <skipped/>
  </testcase> <!-- @AfterMethod Logout -->
  <testcase classname="org.textPackage.GrowwTestClass1" name="@AfterClass gc" time="-1.625945004218E9">
    <skipped/>
  </testcase> <!-- @AfterClass gc -->
  <testcase classname="org.textPackage.GrowwTestClass2" name="@BeforeClass OpenURL" time="-1.625945004235E9">
    <skipped/>
  </testcase> <!-- @BeforeClass OpenURL -->
  <testcase classname="org.textPackage.GrowwTestClass2" name="@BeforeMethod Login" time="-1.625945004238E9">
    <skipped/>
  </testcase> <!-- @BeforeMethod Login -->
  <testcase classname="org.textPackage.GrowwTestClass2" name="@AfterMethod Logout" time="-1.625945004253E9">
    <skipped/>
  </testcase> <!-- @AfterMethod Logout -->
  <testcase classname="org.textPackage.GrowwTestClass2" name="@AfterClass gc" time="-1.625945004281E9">
    <skipped/>
  </testcase> <!-- @AfterClass gc -->
  <testcase classname="org.textPackage.GrowwAssertion2" name="@BeforeClass BrowserLaunch" time="-1.625945004287E9">
    <skipped/>
  </testcase> <!-- @BeforeClass BrowserLaunch -->
  <testcase classname="org.textPackage.GrowwAssertion2" name="@BeforeMethod Login" time="-1.625945004294E9">
    <skipped/>
  </testcase> <!-- @BeforeMethod Login -->
  <testcase classname="org.textPackage.GrowwAssertion2" name="@AfterMethod Logout" time="-1.625945004307E9">
    <skipped/>
  </testcase> <!-- @AfterMethod Logout -->
  <testcase classname="org.textPackage.GrowwAssertion2" name="@AfterClass closeBrowser" time="-1.62594500431E9">
    <skipped/>
  </testcase> <!-- @AfterClass closeBrowser -->
  <testcase classname="org.textPackage.GrowwTestAssertion1" name="@BeforeClass BrowserLaunch" time="-1.625945004313E9">
    <skipped/>
  </testcase> <!-- @BeforeClass BrowserLaunch -->
  <testcase classname="org.textPackage.GrowwTestAssertion1" name="@BeforeMethod Login" time="-1.625945004317E9">
    <skipped/>
  </testcase> <!-- @BeforeMethod Login -->
  <testcase classname="org.textPackage.GrowwTestAssertion1" name="@AfterMethod Logout" time="-1.625945004333E9">
    <skipped/>
  </testcase> <!-- @AfterMethod Logout -->
  <testcase classname="org.textPackage.GrowwTestAssertion1" name="@AfterClass closeBrowser" time="-1.625945004335E9">
    <skipped/>
  </testcase> <!-- @AfterClass closeBrowser -->
  <testcase classname="org.textPackage.GrowwTestAssertion3" name="@BeforeClass OpenURl" time="-1.625945004349E9">
    <skipped/>
  </testcase> <!-- @BeforeClass OpenURl -->
  <testcase classname="org.textPackage.GrowwTestAssertion3" name="@BeforeMethod Login" time="-1.625945004353E9">
    <skipped/>
  </testcase> <!-- @BeforeMethod Login -->
  <testcase classname="org.textPackage.GrowwTestAssertion3" name="@AfterMethod Logout" time="-1.625945004362E9">
    <skipped/>
  </testcase> <!-- @AfterMethod Logout -->
  <testcase classname="org.textPackage.GrowwTestAssertion3" name="@AfterClass gc" time="-1.625945004365E9">
    <skipped/>
  </testcase> <!-- @AfterClass gc -->
  <testcase classname="org.textPackage.TestAutoAssertion" name="@BeforeMethod Login" time="-1.625945004373E9">
    <skipped/>
  </testcase> <!-- @BeforeMethod Login -->
  <testcase classname="org.textPackage.TestAutoAssertion" name="@AfterMethod Gc" time="-1.625945004386E9">
    <skipped/>
  </testcase> <!-- @AfterMethod Gc -->
  <testcase classname="org.textPackage.TestAutoTestClass1" name="@BeforeClass browserLaunch" time="-1.625945004391E9">
    <skipped/>
  </testcase> <!-- @BeforeClass browserLaunch -->
  <testcase classname="org.textPackage.TestAutoTestClass1" name="@BeforeMethod Frame1" time="-1.625945004398E9">
    <skipped/>
  </testcase> <!-- @BeforeMethod Frame1 -->
  <testcase classname="org.textPackage.TestAutoTestClass1" name="@AfterMethod Frame3" time="-1.625945004414E9">
    <skipped/>
  </testcase> <!-- @AfterMethod Frame3 -->
  <testcase classname="org.textPackage.TestAutoTestClass1" name="@AfterClass gc" time="-1.62594500442E9">
    <skipped/>
  </testcase> <!-- @AfterClass gc -->
  <testcase classname="org.textPackage.AmaTestClass" name="@AfterTest closeBrowser" time="-1.62594500445E9">
    <skipped/>
  </testcase> <!-- @AfterTest closeBrowser -->
  <testcase classname="org.textPackage.AmazAssertion" name="@AfterTest CloseBrowser" time="-1.625945004454E9">
    <skipped/>
  </testcase> <!-- @AfterTest CloseBrowser -->
  <testcase classname="org.textPackage.GrowwTestAssertion3" name="@AfterTest closeBrowser" time="-1.625945004464E9">
    <skipped/>
  </testcase> <!-- @AfterTest closeBrowser -->
  <testcase classname="org.textPackage.GrowwTestClass1" name="@AfterTest CloseBrowser" time="-1.625945004497E9">
    <skipped/>
  </testcase> <!-- @AfterTest CloseBrowser -->
  <testcase classname="org.textPackage.GrowwTestClass2" name="@AfterTest CloseBrowser" time="-1.625945004506E9">
    <skipped/>
  </testcase> <!-- @AfterTest CloseBrowser -->
  <testcase classname="org.textPackage.TestAutoAssertion" name="@AfterTest closeBrowser" time="-1.625945004515E9">
    <skipped/>
  </testcase> <!-- @AfterTest closeBrowser -->
  <testcase classname="org.textPackage.TestAutoTestClass1" name="@AfterTest closeBrowser" time="-1.625945004518E9">
    <skipped/>
  </testcase> <!-- @AfterTest closeBrowser -->
  <testcase classname="org.textPackage.TestSuit2_06_07_21" name="@AfterTest AfterTest" time="-1.62594500452E9">
    <skipped/>
  </testcase> <!-- @AfterTest AfterTest -->
  <testcase classname="org.textPackage.TestSuit_06_07_21" name="@AfterTest AfterTest" time="-1.625945004524E9">
    <skipped/>
  </testcase> <!-- @AfterTest AfterTest -->
  <testcase classname="org.textPackage.AmazAssertion" name="Purchase" time="0.0">
    <skipped/>
  </testcase> <!-- Purchase -->
  <testcase classname="org.textPackage.AmaTestClass" name="Purchase" time="0.0">
    <skipped/>
  </testcase> <!-- Purchase -->
  <testcase classname="org.textPackage.TestSuit_06_07_21" name="Test" time="0.0">
    <skipped/>
  </testcase> <!-- Test -->
  <testcase classname="org.textPackage.TestSuit2_06_07_21" name="Test" time="0.0">
    <skipped/>
  </testcase> <!-- Test -->
  <testcase classname="org.textPackage.GrowwTestClass1" name="Test1" time="0.0">
    <skipped/>
  </testcase> <!-- Test1 -->
  <testcase classname="org.textPackage.GrowwTestClass2" name="Test1" time="0.0">
    <skipped/>
  </testcase> <!-- Test1 -->
  <testcase classname="org.textPackage.GrowwAssertion2" name="ValidationOfBUYStock" time="0.0">
    <skipped/>
  </testcase> <!-- ValidationOfBUYStock -->
  <testcase classname="org.textPackage.GrowwTestAssertion1" name="ValidationOfLoginPage" time="0.0">
    <skipped/>
  </testcase> <!-- ValidationOfLoginPage -->
  <testcase classname="org.textPackage.GrowwTestAssertion3" name="ValidationOfSellButton" time="0.0">
    <skipped/>
  </testcase> <!-- ValidationOfSellButton -->
  <testcase classname="org.textPackage.TestAutoAssertion" name="ValidationOfusernameTextbox" time="0.0">
    <skipped/>
  </testcase> <!-- ValidationOfusernameTextbox -->
  <testcase classname="org.textPackage.TestAutoTestClass1" name="Frame2" time="0.0">
    <skipped/>
  </testcase> <!-- Frame2 -->
</testsuite> <!-- Firefoxtest -->
